1480943166565	geckodriver	INFO	Listening on 127.0.0.1:56857
1480943167564	mozprofile::profile	INFO	Using profile path /tmp/rust_mozprofile.9Pzm2h2c63n5
1480943167565	geckodriver::marionette	INFO	Starting browser /usr/bin/firefox
1480943167567	geckodriver::marionette	INFO	Connecting to Marionette on localhost:54264
JavaScript warning: https://normandy.cdn.mozilla.net/static/bundles/selfrepair-133d4d7c9de72117ee8e.24ec5279eef1.js, line 7: mutating the [[Prototype]] of an object will cause your code to run very slowly; instead create the object with the correct initial [[Prototype]] value using Object.create
1480943189810	geckodriver	INFO	Listening on 127.0.0.1:34492
1480943190809	mozprofile::profile	INFO	Using profile path /tmp/rust_mozprofile.tAQK4OrzOvaO
1480943190810	geckodriver::marionette	INFO	Starting browser /usr/bin/firefox
1480943190811	geckodriver::marionette	INFO	Connecting to Marionette on localhost:37126
1480943219478	geckodriver	INFO	Listening on 127.0.0.1:45874
1480943220478	mozprofile::profile	INFO	Using profile path /tmp/rust_mozprofile.GRnO1vxFuIPn
1480943220479	geckodriver::marionette	INFO	Starting browser /usr/bin/firefox
1480943220481	geckodriver::marionette	INFO	Connecting to Marionette on localhost:38380
1480943317345	geckodriver	INFO	Listening on 127.0.0.1:55424
1480943318344	mozprofile::profile	INFO	Using profile path /tmp/rust_mozprofile.7mRMiYYescM7
1480943318345	geckodriver::marionette	INFO	Starting browser /usr/bin/firefox
1480943318347	geckodriver::marionette	INFO	Connecting to Marionette on localhost:59589
1480944466754	geckodriver	INFO	Listening on 127.0.0.1:38756
1480944467754	mozprofile::profile	INFO	Using profile path /tmp/rust_mozprofile.ICPJd4v4Lamm
1480944467755	geckodriver::marionette	INFO	Starting browser /usr/bin/firefox
1480944467756	geckodriver::marionette	INFO	Connecting to Marionette on localhost:54279
1480944485843	geckodriver	INFO	Listening on 127.0.0.1:51347
1480944486844	mozprofile::profile	INFO	Using profile path /tmp/rust_mozprofile.V33DPTOv8jkT
1480944486845	geckodriver::marionette	INFO	Starting browser /usr/bin/firefox
1480944486847	geckodriver::marionette	INFO	Connecting to Marionette on localhost:50102
JavaScript warning: https://normandy.cdn.mozilla.net/static/bundles/selfrepair-133d4d7c9de72117ee8e.24ec5279eef1.js, line 7: mutating the [[Prototype]] of an object will cause your code to run very slowly; instead create the object with the correct initial [[Prototype]] value using Object.create
1480944852639	geckodriver	INFO	Listening on 127.0.0.1:46338
1480944853638	mozprofile::profile	INFO	Using profile path /tmp/rust_mozprofile.c6W3FwsN8KbY
1480944853639	geckodriver::marionette	INFO	Starting browser /usr/bin/firefox
1480944853640	geckodriver::marionette	INFO	Connecting to Marionette on localhost:54155
JavaScript warning: https://normandy.cdn.mozilla.net/static/bundles/selfrepair-133d4d7c9de72117ee8e.24ec5279eef1.js, line 7: mutating the [[Prototype]] of an object will cause your code to run very slowly; instead create the object with the correct initial [[Prototype]] value using Object.create
1480944942004	geckodriver	INFO	Listening on 127.0.0.1:40566
1480944943004	mozprofile::profile	INFO	Using profile path /tmp/rust_mozprofile.37Wuc588VEfn
1480944943005	geckodriver::marionette	INFO	Starting browser /usr/bin/firefox
1480944943010	geckodriver::marionette	INFO	Connecting to Marionette on localhost:58675
1480944971564	geckodriver	INFO	Listening on 127.0.0.1:35823
1480944972563	mozprofile::profile	INFO	Using profile path /tmp/rust_mozprofile.c58GD2G8GA5C
1480944972564	geckodriver::marionette	INFO	Starting browser /usr/bin/firefox
1480944972566	geckodriver::marionette	INFO	Connecting to Marionette on localhost:56406
1480948439764	geckodriver	INFO	Listening on 127.0.0.1:60295
1480948440765	mozprofile::profile	INFO	Using profile path /tmp/rust_mozprofile.raLlRWPIu3zz
1480948440766	geckodriver::marionette	INFO	Starting browser /usr/bin/firefox
1480948440768	geckodriver::marionette	INFO	Connecting to Marionette on localhost:43201
1480948443778	geckodriver	INFO	Listening on 127.0.0.1:50333
1480948444779	mozprofile::profile	INFO	Using profile path /tmp/rust_mozprofile.PT5Il4W9uC72
1480948444780	geckodriver::marionette	INFO	Starting browser /usr/bin/firefox
1480948444782	geckodriver::marionette	INFO	Connecting to Marionette on localhost:56428
1480948469461	geckodriver	INFO	Listening on 127.0.0.1:44222
1480948470462	mozprofile::profile	INFO	Using profile path /tmp/rust_mozprofile.YDynO3aElVWo
1480948470463	geckodriver::marionette	INFO	Starting browser /usr/bin/firefox
1480948470464	geckodriver::marionette	INFO	Connecting to Marionette on localhost:59272
1480948473416	geckodriver	INFO	Listening on 127.0.0.1:34159
1480948474417	mozprofile::profile	INFO	Using profile path /tmp/rust_mozprofile.JrwOLjitZI6I
1480948474418	geckodriver::marionette	INFO	Starting browser /usr/bin/firefox
1480948474419	geckodriver::marionette	INFO	Connecting to Marionette on localhost:51650
1480948551199	geckodriver	INFO	Listening on 127.0.0.1:34669
1480948552200	mozprofile::profile	INFO	Using profile path /tmp/rust_mozprofile.ixVxY4hHQJzd
1480948552200	geckodriver::marionette	INFO	Starting browser /usr/bin/firefox
1480948552202	geckodriver::marionette	INFO	Connecting to Marionette on localhost:36013
1480948555131	geckodriver	INFO	Listening on 127.0.0.1:33504
1480948556132	mozprofile::profile	INFO	Using profile path /tmp/rust_mozprofile.fr44lsmaZeFF
1480948556133	geckodriver::marionette	INFO	Starting browser /usr/bin/firefox
1480948556134	geckodriver::marionette	INFO	Connecting to Marionette on localhost:60897
1480948580357	geckodriver	INFO	Listening on 127.0.0.1:47855
1480948581357	mozprofile::profile	INFO	Using profile path /tmp/rust_mozprofile.KYVAYSg2hKIf
1480948581358	geckodriver::marionette	INFO	Starting browser /usr/bin/firefox
1480948581360	geckodriver::marionette	INFO	Connecting to Marionette on localhost:35076
1480948584266	geckodriver	INFO	Listening on 127.0.0.1:39240
1480948585267	mozprofile::profile	INFO	Using profile path /tmp/rust_mozprofile.RegPiJZ7SXll
1480948585268	geckodriver::marionette	INFO	Starting browser /usr/bin/firefox
1480948585269	geckodriver::marionette	INFO	Connecting to Marionette on localhost:37729
1480948722751	geckodriver	INFO	Listening on 127.0.0.1:45110
1480948723751	mozprofile::profile	INFO	Using profile path /tmp/rust_mozprofile.G2Mh2oZMTznw
1480948723752	geckodriver::marionette	INFO	Starting browser /usr/bin/firefox
1480948723754	geckodriver::marionette	INFO	Connecting to Marionette on localhost:47988
1480948726732	geckodriver	INFO	Listening on 127.0.0.1:42878
1480948727733	mozprofile::profile	INFO	Using profile path /tmp/rust_mozprofile.VMXyeWVMNfVC
1480948727734	geckodriver::marionette	INFO	Starting browser /usr/bin/firefox
1480948727736	geckodriver::marionette	INFO	Connecting to Marionette on localhost:49053
1480949746495	geckodriver	INFO	Listening on 127.0.0.1:42746
1480949747496	mozprofile::profile	INFO	Using profile path /tmp/rust_mozprofile.liJXjNt8rHd2
1480949747497	geckodriver::marionette	INFO	Starting browser /usr/bin/firefox
1480949747499	geckodriver::marionette	INFO	Connecting to Marionette on localhost:56829
1480949750525	geckodriver	INFO	Listening on 127.0.0.1:57109
1480949751526	mozprofile::profile	INFO	Using profile path /tmp/rust_mozprofile.eD6WGyx14Eof
1480949751527	geckodriver::marionette	INFO	Starting browser /usr/bin/firefox
1480949751529	geckodriver::marionette	INFO	Connecting to Marionette on localhost:33024
1480950437587	geckodriver	INFO	Listening on 127.0.0.1:50617
1480950438588	mozprofile::profile	INFO	Using profile path /tmp/rust_mozprofile.Oaqc9J2I5gVv
1480950438589	geckodriver::marionette	INFO	Starting browser /usr/bin/firefox
1480950438590	geckodriver::marionette	INFO	Connecting to Marionette on localhost:54778
1480950441431	geckodriver	INFO	Listening on 127.0.0.1:33841
1480950442431	mozprofile::profile	INFO	Using profile path /tmp/rust_mozprofile.fMdhnA3Rda2P
1480950442432	geckodriver::marionette	INFO	Starting browser /usr/bin/firefox
1480950442434	geckodriver::marionette	INFO	Connecting to Marionette on localhost:55868
1480950462809	geckodriver	INFO	Listening on 127.0.0.1:34866
1480950463809	mozprofile::profile	INFO	Using profile path /tmp/rust_mozprofile.COzA99uqJix9
1480950463810	geckodriver::marionette	INFO	Starting browser /usr/bin/firefox
1480950463812	geckodriver::marionette	INFO	Connecting to Marionette on localhost:56988
1480950466720	geckodriver	INFO	Listening on 127.0.0.1:45061
1480950467720	mozprofile::profile	INFO	Using profile path /tmp/rust_mozprofile.RSvOAr599Z4B
1480950467721	geckodriver::marionette	INFO	Starting browser /usr/bin/firefox
1480950467723	geckodriver::marionette	INFO	Connecting to Marionette on localhost:39715
1480950477943	geckodriver	INFO	Listening on 127.0.0.1:43857
1480950478945	mozprofile::profile	INFO	Using profile path /tmp/rust_mozprofile.NnJSVCm6ZGJx
1480950478946	geckodriver::marionette	INFO	Starting browser /usr/bin/firefox
1480950478948	geckodriver::marionette	INFO	Connecting to Marionette on localhost:49011
1480950481897	geckodriver	INFO	Listening on 127.0.0.1:37892
1480950482898	mozprofile::profile	INFO	Using profile path /tmp/rust_mozprofile.1HIQOsMSzMLP
1480950482899	geckodriver::marionette	INFO	Starting browser /usr/bin/firefox
1480950482900	geckodriver::marionette	INFO	Connecting to Marionette on localhost:41891
1480950529173	geckodriver	INFO	Listening on 127.0.0.1:36255
1480950530173	mozprofile::profile	INFO	Using profile path /tmp/rust_mozprofile.DmxImh0tMj3N
1480950530174	geckodriver::marionette	INFO	Starting browser /usr/bin/firefox
1480950530175	geckodriver::marionette	INFO	Connecting to Marionette on localhost:34020
1480950533130	geckodriver	INFO	Listening on 127.0.0.1:44704
1480950534131	mozprofile::profile	INFO	Using profile path /tmp/rust_mozprofile.V4ev43pOuEvK
1480950534132	geckodriver::marionette	INFO	Starting browser /usr/bin/firefox
1480950534134	geckodriver::marionette	INFO	Connecting to Marionette on localhost:40383
1480950794756	geckodriver	INFO	Listening on 127.0.0.1:51744
1480950795757	mozprofile::profile	INFO	Using profile path /tmp/rust_mozprofile.ev0nNU1b2HUT
1480950795758	geckodriver::marionette	INFO	Starting browser /usr/bin/firefox
1480950795760	geckodriver::marionette	INFO	Connecting to Marionette on localhost:34533
1480950798623	geckodriver	INFO	Listening on 127.0.0.1:42498
1480950799624	mozprofile::profile	INFO	Using profile path /tmp/rust_mozprofile.EhhL2zczMqEQ
1480950799625	geckodriver::marionette	INFO	Starting browser /usr/bin/firefox
1480950799626	geckodriver::marionette	INFO	Connecting to Marionette on localhost:56334
1480951070150	geckodriver	INFO	Listening on 127.0.0.1:49889
1480951071151	mozprofile::profile	INFO	Using profile path /tmp/rust_mozprofile.XOOIWrqYbLx2
1480951071151	geckodriver::marionette	INFO	Starting browser /usr/bin/firefox
1480951071153	geckodriver::marionette	INFO	Connecting to Marionette on localhost:43559
1480951074004	geckodriver	INFO	Listening on 127.0.0.1:43757
1480951075010	mozprofile::profile	INFO	Using profile path /tmp/rust_mozprofile.ghjKXHP9DWDQ
1480951075011	geckodriver::marionette	INFO	Starting browser /usr/bin/firefox
1480951075013	geckodriver::marionette	INFO	Connecting to Marionette on localhost:51975
1481029212847	geckodriver	INFO	Listening on 127.0.0.1:52764
1481029213850	mozprofile::profile	INFO	Using profile path /tmp/rust_mozprofile.WYmFgZ8xEiMw
1481029213850	geckodriver::marionette	INFO	Starting browser /usr/bin/firefox
1481029213852	geckodriver::marionette	INFO	Connecting to Marionette on localhost:57823
1481029215953	geckodriver	INFO	Listening on 127.0.0.1:49264
1481029216952	mozprofile::profile	INFO	Using profile path /tmp/rust_mozprofile.ZhJSU1ODXlP4
1481029216953	geckodriver::marionette	INFO	Starting browser /usr/bin/firefox
1481029216955	geckodriver::marionette	INFO	Connecting to Marionette on localhost:54586
1481029351977	geckodriver	INFO	Listening on 127.0.0.1:34035
1481029352977	mozprofile::profile	INFO	Using profile path /tmp/rust_mozprofile.V2R1ZRLa4UFk
1481029352978	geckodriver::marionette	INFO	Starting browser /usr/bin/firefox
1481029352979	geckodriver::marionette	INFO	Connecting to Marionette on localhost:56310
1481029355876	geckodriver	INFO	Listening on 127.0.0.1:48403
1481029356874	mozprofile::profile	INFO	Using profile path /tmp/rust_mozprofile.dITlAU8scXrQ
1481029356875	geckodriver::marionette	INFO	Starting browser /usr/bin/firefox
1481029356876	geckodriver::marionette	INFO	Connecting to Marionette on localhost:48719
1481029539740	geckodriver	INFO	Listening on 127.0.0.1:34735
1481029540740	mozprofile::profile	INFO	Using profile path /tmp/rust_mozprofile.DDLuS9dvEryG
1481029540740	geckodriver::marionette	INFO	Starting browser /usr/bin/firefox
1481029540742	geckodriver::marionette	INFO	Connecting to Marionette on localhost:58996
1481029543548	geckodriver	INFO	Listening on 127.0.0.1:43600
1481029544547	mozprofile::profile	INFO	Using profile path /tmp/rust_mozprofile.eB1uIVHarmtU
1481029544547	geckodriver::marionette	INFO	Starting browser /usr/bin/firefox
1481029544549	geckodriver::marionette	INFO	Connecting to Marionette on localhost:34427
1481029593735	geckodriver	INFO	Listening on 127.0.0.1:53314
1481029594735	mozprofile::profile	INFO	Using profile path /tmp/rust_mozprofile.vN5cjQsyBuvp
1481029594735	geckodriver::marionette	INFO	Starting browser /usr/bin/firefox
1481029594738	geckodriver::marionette	INFO	Connecting to Marionette on localhost:46769
1481029597557	geckodriver	INFO	Listening on 127.0.0.1:57261
1481029598556	mozprofile::profile	INFO	Using profile path /tmp/rust_mozprofile.vg9FIpYo4i48
1481029598557	geckodriver::marionette	INFO	Starting browser /usr/bin/firefox
1481029598558	geckodriver::marionette	INFO	Connecting to Marionette on localhost:49347
1481029606778	geckodriver	INFO	Listening on 127.0.0.1:34013
1481029607779	mozprofile::profile	INFO	Using profile path /tmp/rust_mozprofile.xU6Ifqhk52hw
1481029607779	geckodriver::marionette	INFO	Starting browser /usr/bin/firefox
1481029607780	geckodriver::marionette	INFO	Connecting to Marionette on localhost:56615
1481029610599	geckodriver	INFO	Listening on 127.0.0.1:45671
1481029611597	mozprofile::profile	INFO	Using profile path /tmp/rust_mozprofile.l4U7mvmbh2QL
1481029611599	geckodriver::marionette	INFO	Starting browser /usr/bin/firefox
1481029611601	geckodriver::marionette	INFO	Connecting to Marionette on localhost:38210
1481029643959	geckodriver	INFO	Listening on 127.0.0.1:36544
1481029644959	mozprofile::profile	INFO	Using profile path /tmp/rust_mozprofile.TJIKdXSfnx3O
1481029644959	geckodriver::marionette	INFO	Starting browser /usr/bin/firefox
1481029644960	geckodriver::marionette	INFO	Connecting to Marionette on localhost:41642
1481029647859	geckodriver	INFO	Listening on 127.0.0.1:37344
1481029648858	mozprofile::profile	INFO	Using profile path /tmp/rust_mozprofile.PkquxincHxqN
1481029648859	geckodriver::marionette	INFO	Starting browser /usr/bin/firefox
1481029648860	geckodriver::marionette	INFO	Connecting to Marionette on localhost:47897
1481029673042	geckodriver	INFO	Listening on 127.0.0.1:46298
1481029674042	mozprofile::profile	INFO	Using profile path /tmp/rust_mozprofile.lTLtHrnl6MIR
1481029674042	geckodriver::marionette	INFO	Starting browser /usr/bin/firefox
1481029674043	geckodriver::marionette	INFO	Connecting to Marionette on localhost:47205
1481029676873	geckodriver	INFO	Listening on 127.0.0.1:35403
1481029677873	mozprofile::profile	INFO	Using profile path /tmp/rust_mozprofile.b8vX9WlTFqHy
1481029677873	geckodriver::marionette	INFO	Starting browser /usr/bin/firefox
1481029677874	geckodriver::marionette	INFO	Connecting to Marionette on localhost:42830

(firefox-esr:10888): GLib-GObject-CRITICAL **: g_type_add_interface_static: assertion 'g_type_parent (interface_type) == G_TYPE_INTERFACE' failed

(firefox-esr:10888): GLib-GObject-CRITICAL **: g_type_add_interface_static: assertion 'g_type_parent (interface_type) == G_TYPE_INTERFACE' failed
1481029737707	geckodriver	INFO	Listening on 127.0.0.1:60520
1481029738708	mozprofile::profile	INFO	Using profile path /tmp/rust_mozprofile.FDnd5GJ7unSE
1481029738708	geckodriver::marionette	INFO	Starting browser /usr/bin/firefox
1481029738709	geckodriver::marionette	INFO	Connecting to Marionette on localhost:41490
1481029741531	geckodriver	INFO	Listening on 127.0.0.1:38900
1481029742529	mozprofile::profile	INFO	Using profile path /tmp/rust_mozprofile.thWVvvkC0Heb
1481029742530	geckodriver::marionette	INFO	Starting browser /usr/bin/firefox
1481029742531	geckodriver::marionette	INFO	Connecting to Marionette on localhost:49646

(firefox-esr:11447): GLib-GObject-CRITICAL **: g_type_add_interface_static: assertion 'g_type_parent (interface_type) == G_TYPE_INTERFACE' failed

(firefox-esr:11447): GLib-GObject-CRITICAL **: g_type_add_interface_static: assertion 'g_type_parent (interface_type) == G_TYPE_INTERFACE' failed

(firefox-esr:11447): GLib-GObject-CRITICAL **: g_type_add_interface_static: assertion 'g_type_parent (interface_type) == G_TYPE_INTERFACE' failed
1481029834147	geckodriver	INFO	Listening on 127.0.0.1:52294
1481029835147	mozprofile::profile	INFO	Using profile path /tmp/rust_mozprofile.l0gLycPX7mck
1481029835147	geckodriver::marionette	INFO	Starting browser /usr/bin/firefox
1481029835149	geckodriver::marionette	INFO	Connecting to Marionette on localhost:48584
1481029837959	geckodriver	INFO	Listening on 127.0.0.1:49297
1481029838958	mozprofile::profile	INFO	Using profile path /tmp/rust_mozprofile.J6QcMAuZAPPs
1481029838959	geckodriver::marionette	INFO	Starting browser /usr/bin/firefox
1481029838960	geckodriver::marionette	INFO	Connecting to Marionette on localhost:46525

(firefox-esr:12152): GLib-GObject-CRITICAL **: g_type_add_interface_static: assertion 'g_type_parent (interface_type) == G_TYPE_INTERFACE' failed

(firefox-esr:12152): GLib-GObject-CRITICAL **: g_type_add_interface_static: assertion 'g_type_parent (interface_type) == G_TYPE_INTERFACE' failed

(firefox-esr:12152): GLib-GObject-CRITICAL **: g_type_add_interface_static: assertion 'g_type_parent (interface_type) == G_TYPE_INTERFACE' failed
1481030865616	geckodriver	INFO	Listening on 127.0.0.1:35094
1481030866616	mozprofile::profile	INFO	Using profile path /tmp/rust_mozprofile.NNZko5InoG8F
1481030866617	geckodriver::marionette	INFO	Starting browser /usr/bin/firefox
1481030866618	geckodriver::marionette	INFO	Connecting to Marionette on localhost:35392
1481030869432	geckodriver	INFO	Listening on 127.0.0.1:40070
1481030870432	mozprofile::profile	INFO	Using profile path /tmp/rust_mozprofile.sRavnIn4iiuV
1481030870432	geckodriver::marionette	INFO	Starting browser /usr/bin/firefox
1481030870433	geckodriver::marionette	INFO	Connecting to Marionette on localhost:40059

(firefox-esr:17504): GLib-GObject-CRITICAL **: g_type_add_interface_static: assertion 'g_type_parent (interface_type) == G_TYPE_INTERFACE' failed

(firefox-esr:17504): GLib-GObject-CRITICAL **: g_type_add_interface_static: assertion 'g_type_parent (interface_type) == G_TYPE_INTERFACE' failed

(firefox-esr:17504): GLib-GObject-CRITICAL **: g_type_add_interface_static: assertion 'g_type_parent (interface_type) == G_TYPE_INTERFACE' failed
1481031004551	geckodriver	INFO	Listening on 127.0.0.1:58378
1481031005551	mozprofile::profile	INFO	Using profile path /tmp/rust_mozprofile.4pe3Ex12B7Ny
1481031005551	geckodriver::marionette	INFO	Starting browser /usr/bin/firefox
1481031005552	geckodriver::marionette	INFO	Connecting to Marionette on localhost:44248
1481031008333	geckodriver	INFO	Listening on 127.0.0.1:59355
1481031009332	mozprofile::profile	INFO	Using profile path /tmp/rust_mozprofile.itmPkeSMuSyJ
1481031009332	geckodriver::marionette	INFO	Starting browser /usr/bin/firefox
1481031009333	geckodriver::marionette	INFO	Connecting to Marionette on localhost:46051

(firefox-esr:18442): GLib-GObject-CRITICAL **: g_type_add_interface_static: assertion 'g_type_parent (interface_type) == G_TYPE_INTERFACE' failed

(firefox-esr:18442): GLib-GObject-CRITICAL **: g_type_add_interface_static: assertion 'g_type_parent (interface_type) == G_TYPE_INTERFACE' failed

(firefox-esr:18442): GLib-GObject-CRITICAL **: g_type_add_interface_static: assertion 'g_type_parent (interface_type) == G_TYPE_INTERFACE' failed
1481031080874	geckodriver	INFO	Listening on 127.0.0.1:41814
1481031081874	mozprofile::profile	INFO	Using profile path /tmp/rust_mozprofile.AfRTjigbAYBV
1481031081874	geckodriver::marionette	INFO	Starting browser /usr/bin/firefox
1481031081875	geckodriver::marionette	INFO	Connecting to Marionette on localhost:46129
1481031084689	geckodriver	INFO	Listening on 127.0.0.1:46012
1481031085689	mozprofile::profile	INFO	Using profile path /tmp/rust_mozprofile.DJUWUWGIV9zi
1481031085689	geckodriver::marionette	INFO	Starting browser /usr/bin/firefox
1481031085691	geckodriver::marionette	INFO	Connecting to Marionette on localhost:36993

(firefox-esr:19073): GLib-GObject-CRITICAL **: g_type_add_interface_static: assertion 'g_type_parent (interface_type) == G_TYPE_INTERFACE' failed

(firefox-esr:19073): GLib-GObject-CRITICAL **: g_type_add_interface_static: assertion 'g_type_parent (interface_type) == G_TYPE_INTERFACE' failed

(firefox-esr:19073): GLib-GObject-CRITICAL **: g_type_add_interface_static: assertion 'g_type_parent (interface_type) == G_TYPE_INTERFACE' failed
1481031103810	geckodriver	INFO	Listening on 127.0.0.1:39658
1481031104811	mozprofile::profile	INFO	Using profile path /tmp/rust_mozprofile.9pVfwfwytQqu
1481031104811	geckodriver::marionette	INFO	Starting browser /usr/bin/firefox
1481031104812	geckodriver::marionette	INFO	Connecting to Marionette on localhost:40268
1481031107617	geckodriver	INFO	Listening on 127.0.0.1:42679
1481031108616	mozprofile::profile	INFO	Using profile path /tmp/rust_mozprofile.Q5QREsRSTNM8
1481031108617	geckodriver::marionette	INFO	Starting browser /usr/bin/firefox
1481031108618	geckodriver::marionette	INFO	Connecting to Marionette on localhost:35374

(firefox-esr:19355): GLib-GObject-CRITICAL **: g_type_add_interface_static: assertion 'g_type_parent (interface_type) == G_TYPE_INTERFACE' failed

(firefox-esr:19355): GLib-GObject-CRITICAL **: g_type_add_interface_static: assertion 'g_type_parent (interface_type) == G_TYPE_INTERFACE' failed

(firefox-esr:19355): GLib-GObject-CRITICAL **: g_type_add_interface_static: assertion 'g_type_parent (interface_type) == G_TYPE_INTERFACE' failed
1481031156578	geckodriver	INFO	Listening on 127.0.0.1:48445
1481031157578	mozprofile::profile	INFO	Using profile path /tmp/rust_mozprofile.824LldrWlO0z
1481031157578	geckodriver::marionette	INFO	Starting browser /usr/bin/firefox
1481031157579	geckodriver::marionette	INFO	Connecting to Marionette on localhost:34016
1481031160385	geckodriver	INFO	Listening on 127.0.0.1:53107
1481031161385	mozprofile::profile	INFO	Using profile path /tmp/rust_mozprofile.ckGEx2vZLx3N
1481031161386	geckodriver::marionette	INFO	Starting browser /usr/bin/firefox
1481031161387	geckodriver::marionette	INFO	Connecting to Marionette on localhost:56771

(firefox-esr:19797): GLib-GObject-CRITICAL **: g_type_add_interface_static: assertion 'g_type_parent (interface_type) == G_TYPE_INTERFACE' failed

(firefox-esr:19797): GLib-GObject-CRITICAL **: g_type_add_interface_static: assertion 'g_type_parent (interface_type) == G_TYPE_INTERFACE' failed

(firefox-esr:19797): GLib-GObject-CRITICAL **: g_type_add_interface_static: assertion 'g_type_parent (interface_type) == G_TYPE_INTERFACE' failed

(firefox-esr:19797): GLib-GObject-CRITICAL **: g_type_add_interface_static: assertion 'g_type_parent (interface_type) == G_TYPE_INTERFACE' failed
JavaScript warning: https://normandy.cdn.mozilla.net/static/bundles/selfrepair-133d4d7c9de72117ee8e.24ec5279eef1.js, line 7: mutating the [[Prototype]] of an object will cause your code to run very slowly; instead create the object with the correct initial [[Prototype]] value using Object.create
1481031512861	geckodriver	INFO	Listening on 127.0.0.1:52304
1481031513861	mozprofile::profile	INFO	Using profile path /tmp/rust_mozprofile.151W28GJfDJx
1481031513862	geckodriver::marionette	INFO	Starting browser /usr/bin/firefox
1481031513863	geckodriver::marionette	INFO	Connecting to Marionette on localhost:54005
1481031516738	geckodriver	INFO	Listening on 127.0.0.1:60698
1481031517737	mozprofile::profile	INFO	Using profile path /tmp/rust_mozprofile.k4hyxSXbywlh
1481031517738	geckodriver::marionette	INFO	Starting browser /usr/bin/firefox
1481031517739	geckodriver::marionette	INFO	Connecting to Marionette on localhost:36110

(firefox-esr:21799): GLib-GObject-CRITICAL **: g_type_add_interface_static: assertion 'g_type_parent (interface_type) == G_TYPE_INTERFACE' failed

(firefox-esr:21799): GLib-GObject-CRITICAL **: g_type_add_interface_static: assertion 'g_type_parent (interface_type) == G_TYPE_INTERFACE' failed

(firefox-esr:21799): GLib-GObject-CRITICAL **: g_type_add_interface_static: assertion 'g_type_parent (interface_type) == G_TYPE_INTERFACE' failed

(firefox-esr:21799): GLib-GObject-CRITICAL **: g_type_add_interface_static: assertion 'g_type_parent (interface_type) == G_TYPE_INTERFACE' failed
JavaScript warning: https://normandy.cdn.mozilla.net/static/bundles/selfrepair-133d4d7c9de72117ee8e.24ec5279eef1.js, line 7: mutating the [[Prototype]] of an object will cause your code to run very slowly; instead create the object with the correct initial [[Prototype]] value using Object.create
1481031649489	geckodriver	INFO	Listening on 127.0.0.1:50703
1481031650488	mozprofile::profile	INFO	Using profile path /tmp/rust_mozprofile.H9KAm8cAHA1G
1481031650489	geckodriver::marionette	INFO	Starting browser /usr/bin/firefox
1481031650490	geckodriver::marionette	INFO	Connecting to Marionette on localhost:46965
1481031653304	geckodriver	INFO	Listening on 127.0.0.1:41423
1481031654304	mozprofile::profile	INFO	Using profile path /tmp/rust_mozprofile.DjSMVo25bNcJ
1481031654305	geckodriver::marionette	INFO	Starting browser /usr/bin/firefox
1481031654306	geckodriver::marionette	INFO	Connecting to Marionette on localhost:37478

(firefox-esr:22736): GLib-GObject-CRITICAL **: g_type_add_interface_static: assertion 'g_type_parent (interface_type) == G_TYPE_INTERFACE' failed

(firefox-esr:22736): GLib-GObject-CRITICAL **: g_type_add_interface_static: assertion 'g_type_parent (interface_type) == G_TYPE_INTERFACE' failed

(firefox-esr:22736): GLib-GObject-CRITICAL **: g_type_add_interface_static: assertion 'g_type_parent (interface_type) == G_TYPE_INTERFACE' failed
1481031720570	geckodriver	INFO	Listening on 127.0.0.1:42920
1481031721571	mozprofile::profile	INFO	Using profile path /tmp/rust_mozprofile.p33nlNx2qMfr
1481031721571	geckodriver::marionette	INFO	Starting browser /usr/bin/firefox
1481031721572	geckodriver::marionette	INFO	Connecting to Marionette on localhost:53206
1481031724347	geckodriver	INFO	Listening on 127.0.0.1:42199
1481031725347	mozprofile::profile	INFO	Using profile path /tmp/rust_mozprofile.3KsEO9ddRYNw
1481031725347	geckodriver::marionette	INFO	Starting browser /usr/bin/firefox
1481031725348	geckodriver::marionette	INFO	Connecting to Marionette on localhost:57951

(firefox-esr:23287): GLib-GObject-CRITICAL **: g_type_add_interface_static: assertion 'g_type_parent (interface_type) == G_TYPE_INTERFACE' failed

(firefox-esr:23287): GLib-GObject-CRITICAL **: g_type_add_interface_static: assertion 'g_type_parent (interface_type) == G_TYPE_INTERFACE' failed

(firefox-esr:23287): GLib-GObject-CRITICAL **: g_type_add_interface_static: assertion 'g_type_parent (interface_type) == G_TYPE_INTERFACE' failed
1481031792064	geckodriver	INFO	Listening on 127.0.0.1:34029
1481031793065	mozprofile::profile	INFO	Using profile path /tmp/rust_mozprofile.zc84OmvBy2Js
1481031793065	geckodriver::marionette	INFO	Starting browser /usr/bin/firefox
1481031793066	geckodriver::marionette	INFO	Connecting to Marionette on localhost:48412
1481031795932	geckodriver	INFO	Listening on 127.0.0.1:43771
1481031796932	mozprofile::profile	INFO	Using profile path /tmp/rust_mozprofile.fFQ4M5vb2tpj
1481031796933	geckodriver::marionette	INFO	Starting browser /usr/bin/firefox
1481031796934	geckodriver::marionette	INFO	Connecting to Marionette on localhost:49039

(firefox-esr:23887): GLib-GObject-CRITICAL **: g_type_add_interface_static: assertion 'g_type_parent (interface_type) == G_TYPE_INTERFACE' failed

(firefox-esr:23887): GLib-GObject-CRITICAL **: g_type_add_interface_static: assertion 'g_type_parent (interface_type) == G_TYPE_INTERFACE' failed

(firefox-esr:23887): GLib-GObject-CRITICAL **: g_type_add_interface_static: assertion 'g_type_parent (interface_type) == G_TYPE_INTERFACE' failed
1481031938432	geckodriver	INFO	Listening on 127.0.0.1:47435
1481031939433	mozprofile::profile	INFO	Using profile path /tmp/rust_mozprofile.JAU1PXuk9v9Y
1481031939433	geckodriver::marionette	INFO	Starting browser /usr/bin/firefox
1481031939434	geckodriver::marionette	INFO	Connecting to Marionette on localhost:45652
1481031942229	geckodriver	INFO	Listening on 127.0.0.1:34120
1481031943228	mozprofile::profile	INFO	Using profile path /tmp/rust_mozprofile.N7mQwveMqo1t
1481031943229	geckodriver::marionette	INFO	Starting browser /usr/bin/firefox
1481031943230	geckodriver::marionette	INFO	Connecting to Marionette on localhost:50989

(firefox-esr:24859): GLib-GObject-CRITICAL **: g_type_add_interface_static: assertion 'g_type_parent (interface_type) == G_TYPE_INTERFACE' failed

(firefox-esr:24859): GLib-GObject-CRITICAL **: g_type_add_interface_static: assertion 'g_type_parent (interface_type) == G_TYPE_INTERFACE' failed

(firefox-esr:24859): GLib-GObject-CRITICAL **: g_type_add_interface_static: assertion 'g_type_parent (interface_type) == G_TYPE_INTERFACE' failed
1481032528212	geckodriver	INFO	Listening on 127.0.0.1:50756
1481032529212	mozprofile::profile	INFO	Using profile path /tmp/rust_mozprofile.TCKnPBdjIJ6R
1481032529212	geckodriver::marionette	INFO	Starting browser /usr/bin/firefox
1481032529213	geckodriver::marionette	INFO	Connecting to Marionette on localhost:50730
1481032532044	geckodriver	INFO	Listening on 127.0.0.1:59462
1481032533043	mozprofile::profile	INFO	Using profile path /tmp/rust_mozprofile.xyZ0Lh76gptP
1481032533043	geckodriver::marionette	INFO	Starting browser /usr/bin/firefox
1481032533044	geckodriver::marionette	INFO	Connecting to Marionette on localhost:38217

(firefox-esr:27994): GLib-GObject-CRITICAL **: g_type_add_interface_static: assertion 'g_type_parent (interface_type) == G_TYPE_INTERFACE' failed

(firefox-esr:27994): GLib-GObject-CRITICAL **: g_type_add_interface_static: assertion 'g_type_parent (interface_type) == G_TYPE_INTERFACE' failed

(firefox-esr:27994): GLib-GObject-CRITICAL **: g_type_add_interface_static: assertion 'g_type_parent (interface_type) == G_TYPE_INTERFACE' failed
1481032633069	geckodriver	INFO	Listening on 127.0.0.1:51739
1481032634069	mozprofile::profile	INFO	Using profile path /tmp/rust_mozprofile.VhS9AmkTXSQs
1481032634069	geckodriver::marionette	INFO	Starting browser /usr/bin/firefox
1481032634071	geckodriver::marionette	INFO	Connecting to Marionette on localhost:47503
JavaScript warning: https://normandy.cdn.mozilla.net/static/bundles/selfrepair-133d4d7c9de72117ee8e.24ec5279eef1.js, line 7: mutating the [[Prototype]] of an object will cause your code to run very slowly; instead create the object with the correct initial [[Prototype]] value using Object.create
1481032719214	geckodriver	INFO	Listening on 127.0.0.1:48399
1481032720214	mozprofile::profile	INFO	Using profile path /tmp/rust_mozprofile.2AfXBlGzJ4nh
1481032720215	geckodriver::marionette	INFO	Starting browser /usr/bin/firefox
1481032720216	geckodriver::marionette	INFO	Connecting to Marionette on localhost:41626
1481032723041	geckodriver	INFO	Listening on 127.0.0.1:59959
1481032724041	mozprofile::profile	INFO	Using profile path /tmp/rust_mozprofile.B9zgauQ0ySr9
1481032724041	geckodriver::marionette	INFO	Starting browser /usr/bin/firefox
1481032724043	geckodriver::marionette	INFO	Connecting to Marionette on localhost:50232

(firefox-esr:29310): GLib-GObject-CRITICAL **: g_type_add_interface_static: assertion 'g_type_parent (interface_type) == G_TYPE_INTERFACE' failed

(firefox-esr:29310): GLib-GObject-CRITICAL **: g_type_add_interface_static: assertion 'g_type_parent (interface_type) == G_TYPE_INTERFACE' failed

(firefox-esr:29310): GLib-GObject-CRITICAL **: g_type_add_interface_static: assertion 'g_type_parent (interface_type) == G_TYPE_INTERFACE' failed
1481032979775	geckodriver	INFO	Listening on 127.0.0.1:43666
1481032980776	mozprofile::profile	INFO	Using profile path /tmp/rust_mozprofile.T0BRMVtazUR3
1481032980776	geckodriver::marionette	INFO	Starting browser /usr/bin/firefox
1481032980778	geckodriver::marionette	INFO	Connecting to Marionette on localhost:50319
1481032983701	geckodriver	INFO	Listening on 127.0.0.1:44710
1481032984700	mozprofile::profile	INFO	Using profile path /tmp/rust_mozprofile.9555L8ttY61F
1481032984701	geckodriver::marionette	INFO	Starting browser /usr/bin/firefox
1481032984703	geckodriver::marionette	INFO	Connecting to Marionette on localhost:54503

(firefox-esr:31014): GLib-GObject-CRITICAL **: g_type_add_interface_static: assertion 'g_type_parent (interface_type) == G_TYPE_INTERFACE' failed

(firefox-esr:31014): GLib-GObject-CRITICAL **: g_type_add_interface_static: assertion 'g_type_parent (interface_type) == G_TYPE_INTERFACE' failed

(firefox-esr:31014): GLib-GObject-CRITICAL **: g_type_add_interface_static: assertion 'g_type_parent (interface_type) == G_TYPE_INTERFACE' failed
1481033062561	geckodriver	INFO	Listening on 127.0.0.1:50981
1481033063561	mozprofile::profile	INFO	Using profile path /tmp/rust_mozprofile.1WuvTND4BsSH
1481033063562	geckodriver::marionette	INFO	Starting browser /usr/bin/firefox
1481033063563	geckodriver::marionette	INFO	Connecting to Marionette on localhost:55851
1481033066368	geckodriver	INFO	Listening on 127.0.0.1:33746
1481033067366	mozprofile::profile	INFO	Using profile path /tmp/rust_mozprofile.s20n4qMwQUUu
1481033067366	geckodriver::marionette	INFO	Starting browser /usr/bin/firefox
1481033067367	geckodriver::marionette	INFO	Connecting to Marionette on localhost:46730

(firefox-esr:31632): GLib-GObject-CRITICAL **: g_type_add_interface_static: assertion 'g_type_parent (interface_type) == G_TYPE_INTERFACE' failed

(firefox-esr:31632): GLib-GObject-CRITICAL **: g_type_add_interface_static: assertion 'g_type_parent (interface_type) == G_TYPE_INTERFACE' failed

(firefox-esr:31632): GLib-GObject-CRITICAL **: g_type_add_interface_static: assertion 'g_type_parent (interface_type) == G_TYPE_INTERFACE' failed
1481033452831	geckodriver	INFO	Listening on 127.0.0.1:43263
1481033453831	mozprofile::profile	INFO	Using profile path /tmp/rust_mozprofile.KlLfPl0Zd8Dg
1481033453832	geckodriver::marionette	INFO	Starting browser /usr/bin/firefox
1481033453833	geckodriver::marionette	INFO	Connecting to Marionette on localhost:39207
1481033456782	geckodriver	INFO	Listening on 127.0.0.1:53531
1481033457780	mozprofile::profile	INFO	Using profile path /tmp/rust_mozprofile.ujGyw1ERBbpU
1481033457781	geckodriver::marionette	INFO	Starting browser /usr/bin/firefox
1481033457782	geckodriver::marionette	INFO	Connecting to Marionette on localhost:36064

(firefox-esr:1356): GLib-GObject-CRITICAL **: g_type_add_interface_static: assertion 'g_type_parent (interface_type) == G_TYPE_INTERFACE' failed

(firefox-esr:1356): GLib-GObject-CRITICAL **: g_type_add_interface_static: assertion 'g_type_parent (interface_type) == G_TYPE_INTERFACE' failed

(firefox-esr:1356): GLib-GObject-CRITICAL **: g_type_add_interface_static: assertion 'g_type_parent (interface_type) == G_TYPE_INTERFACE' failed
